Invoking simulator...

./simv -sml=verdi +UVM_VERDI_TRACE=UVM_AWARE +fsdb+gate=off -ucli2Proc -ucli
debImport "-i" "-simflow" "-dbdir" "./simv.daidir"
*Verdi* Loading libsscore_vcs202012.so

FSDB Dumper for VCS, Release Verdi_R-2020.12-SP2, Linux x86_64/64bit, 05/23/2021
(C) 1996 - 2021 by Synopsys, Inc.
*Verdi* : Create FSDB file '/home/rzaratelocal/dfx/DFX/Proyecto_2/jtag/inter.fsdb'
*Verdi* : Flush all FSDB Files at 0 ps.

*Verdi* : Enable RPC Server(1913663)

srcTBInvokeSim
Chronologic VCS simulator copyright 1991-2020
Contains Synopsys proprietary information.
Compiler version R-2020.12-SP2_Full64; Runtime version R-2020.12-SP2_Full64;  Dec 12 15:32 2021
xterm-256color is Not a valid terminal...
Verdi>run
primer test
*Verdi* : Begin traversing the scopes, layer (0).
*Verdi* : End of traversing.
class.v, 22 : module AN2I(Z,A,B);
           V C S   S i m u l a t i o n   R e p o r t 
Time: 3292045000 ps
CPU Time:     12.280 seconds;       Data structure size:   0.6Mb
Sun Dec 12 15:34:19 2021
debExit
